  ✓ prophecy-and-persia            en   en-GB-SoniaNeural             250 KB
  ✓ prophecy-and-persia            ur   ur-PK-UzmaNeural              286 KB
  ✓ prophecy-and-persia            ar   ar-SA-ZariyahNeural           309 KB
  ✓ prophecy-and-persia            es   es-ES-ElviraNeural            270 KB
  ✓ prophecy-and-persia            fr   fr-FR-DeniseNeural            267 KB
  ✓ prophecy-and-persia            de   de-DE-KatjaNeural             309 KB
  ✓ prophecy-and-persia            pt   pt-PT-RaquelNeural            284 KB
  ✓ prophecy-and-persia            sw   sw-KE-ZuriNeural              303 KB
  ✓ prophecy-and-persia            zh   zh-CN-XiaoxiaoNeural          296 KB
  ✓ prophecy-and-persia            ja   ja-JP-NanamiNeural            365 KB
  ✓ prophecy-and-persia            ms   ms-MY-YasminNeural            366 KB
  ✓ cyrus                          en   en-GB-RyanNeural              184 KB
  ✓ cyrus                          ur   ur-PK-AsadNeural              217 KB
  ✓ cyrus                          ar   ar-SA-HamedNeural             232 KB
  ✓ cyrus                          es   es-ES-AlvaroNeural            196 KB
  ✓ cyrus                          fr   fr-FR-HenriNeural             188 KB
  ✓ cyrus                          de   de-DE-ConradNeural            222 KB
  ✓ cyrus                          pt   pt-PT-DuarteNeural            173 KB
  ✓ cyrus                          sw   sw-KE-RafikiNeural            203 KB
  ✓ cyrus                          zh   zh-CN-YunxiNeural             221 KB
  ✓ cyrus                          ja   ja-JP-KeitaNeural             234 KB
  ✓ cyrus                          ms   ms-MY-OsmanNeural             228 KB
  ✓ promise-of-the-holy-quran      en   en-GB-SoniaNeural             387 KB
  ✓ promise-of-the-holy-quran      ur   ur-PK-UzmaNeural              409 KB
  ✓ promise-of-the-holy-quran      ar   ar-SA-ZariyahNeural           436 KB
  ✓ promise-of-the-holy-quran      es   es-ES-ElviraNeural            418 KB
  ✓ promise-of-the-holy-quran      fr   fr-FR-DeniseNeural            405 KB
  ✓ promise-of-the-holy-quran      de   de-DE-KatjaNeural             468 KB
  ✓ promise-of-the-holy-quran      pt   pt-PT-RaquelNeural            446 KB
  ✓ promise-of-the-holy-quran      sw   sw-KE-ZuriNeural              445 KB
  ✓ promise-of-the-holy-quran      zh   zh-CN-XiaoxiaoNeural          433 KB
  ✓ promise-of-the-holy-quran      ja   ja-JP-NanamiNeural            559 KB
  ✓ promise-of-the-holy-quran      ms   ms-MY-YasminNeural            559 KB
  ✓ ancient-persia-zoroastrianism  en   en-GB-RyanNeural              350 KB
  ✓ ancient-persia-zoroastrianism  ur   ur-PK-AsadNeural              404 KB
  ✓ ancient-persia-zoroastrianism  ar   ar-SA-HamedNeural             433 KB
  ✓ ancient-persia-zoroastrianism  es   es-ES-AlvaroNeural            390 KB
  ✓ ancient-persia-zoroastrianism  fr   fr-FR-HenriNeural             340 KB
  ✓ ancient-persia-zoroastrianism  de   de-DE-ConradNeural            391 KB
  ✓ ancient-persia-zoroastrianism  pt   pt-PT-DuarteNeural            339 KB
  ✓ ancient-persia-zoroastrianism  sw   sw-KE-RafikiNeural            372 KB
  ✓ ancient-persia-zoroastrianism  zh   zh-CN-YunxiNeural             372 KB
  ✓ ancient-persia-zoroastrianism  ja   ja-JP-KeitaNeural             452 KB
  ✓ ancient-persia-zoroastrianism  ms   ms-MY-OsmanNeural             454 KB
  ✓ cyrus-ii-persian-emperor       en   en-GB-SoniaNeural             390 KB
  ✓ cyrus-ii-persian-emperor       ur   ur-PK-UzmaNeural              415 KB
  ✓ cyrus-ii-persian-emperor       ar   ar-SA-ZariyahNeural           499 KB
  ✓ cyrus-ii-persian-emperor       es   es-ES-ElviraNeural            413 KB
  ✓ cyrus-ii-persian-emperor       fr   fr-FR-DeniseNeural            383 KB
  ✓ cyrus-ii-persian-emperor       de   de-DE-KatjaNeural             493 KB
  ✓ cyrus-ii-persian-emperor       pt   pt-PT-RaquelNeural            406 KB
  ✓ cyrus-ii-persian-emperor       sw   sw-KE-ZuriNeural              472 KB
  ✓ cyrus-ii-persian-emperor       zh   zh-CN-XiaoxiaoNeural          422 KB
  ✓ cyrus-ii-persian-emperor       ja   ja-JP-NanamiNeural            533 KB
  ✓ cyrus-ii-persian-emperor       ms   ms-MY-YasminNeural            545 KB
  ✓ the-cyrus-cylinder             en   en-GB-RyanNeural              217 KB
  ✓ the-cyrus-cylinder             ur   ur-PK-AsadNeural              234 KB
  ✓ the-cyrus-cylinder             ar   ar-SA-HamedNeural             253 KB
  ✓ the-cyrus-cylinder             es   es-ES-AlvaroNeural            235 KB
  ✓ the-cyrus-cylinder             fr   fr-FR-HenriNeural             212 KB
  ✓ the-cyrus-cylinder             de   de-DE-ConradNeural            256 KB
  ✓ the-cyrus-cylinder             pt   pt-PT-DuarteNeural            197 KB
  ✓ the-cyrus-cylinder             sw   sw-KE-RafikiNeural            253 KB
  ✓ the-cyrus-cylinder             zh   zh-CN-YunxiNeural             215 KB
  ✓ the-cyrus-cylinder             ja   ja-JP-KeitaNeural             277 KB
  ✓ the-cyrus-cylinder             ms   ms-MY-OsmanNeural             279 KB
  ✓ who-was-dhul-qarnain           en   en-GB-SoniaNeural             370 KB
  ✓ who-was-dhul-qarnain           ur   ur-PK-UzmaNeural              403 KB
  ✓ who-was-dhul-qarnain           ar   ar-SA-ZariyahNeural           471 KB
  ✓ who-was-dhul-qarnain           es   es-ES-ElviraNeural            404 KB
  ✓ who-was-dhul-qarnain           fr   fr-FR-DeniseNeural            380 KB
  ✓ who-was-dhul-qarnain           de   de-DE-KatjaNeural             462 KB
  ✓ who-was-dhul-qarnain           pt   pt-PT-RaquelNeural            398 KB
  ✓ who-was-dhul-qarnain           sw   sw-KE-ZuriNeural              439 KB
  ✓ who-was-dhul-qarnain           zh   zh-CN-XiaoxiaoNeural          434 KB
  ✓ who-was-dhul-qarnain           ja   ja-JP-NanamiNeural            545 KB
  ✓ who-was-dhul-qarnain           ms   ms-MY-YasminNeural            489 KB
  ✓ the-story-of-dhul-qarnain      en   en-GB-RyanNeural              348 KB
  ✓ the-story-of-dhul-qarnain      ur   ur-PK-AsadNeural              420 KB
  ✓ the-story-of-dhul-qarnain      ar   ar-SA-HamedNeural             379 KB
  ✓ the-story-of-dhul-qarnain      es   es-ES-AlvaroNeural            388 KB
  ✓ the-story-of-dhul-qarnain      fr   fr-FR-HenriNeural             356 KB
  ✓ the-story-of-dhul-qarnain      de   de-DE-ConradNeural            407 KB
  ✓ the-story-of-dhul-qarnain      pt   pt-PT-DuarteNeural            338 KB
  ✓ the-story-of-dhul-qarnain      sw   sw-KE-RafikiNeural            379 KB
  ✓ the-story-of-dhul-qarnain      zh   zh-CN-YunxiNeural             380 KB
  ✓ the-story-of-dhul-qarnain      ja   ja-JP-KeitaNeural             458 KB
  ✓ the-story-of-dhul-qarnain      ms   ms-MY-OsmanNeural             477 KB
  ✓ persian-king-israelite-savior  en   en-GB-SoniaNeural             365 KB
  ✓ persian-king-israelite-savior  ur   ur-PK-UzmaNeural              450 KB
  ✓ persian-king-israelite-savior  ar   ar-SA-ZariyahNeural           458 KB
  ✓ persian-king-israelite-savior  es   es-ES-ElviraNeural            403 KB
  ✓ persian-king-israelite-savior  fr   fr-FR-DeniseNeural            400 KB
  ✓ persian-king-israelite-savior  de   de-DE-KatjaNeural             478 KB
  ✓ persian-king-israelite-savior  pt   pt-PT-RaquelNeural            401 KB
  ✓ persian-king-israelite-savior  sw   sw-KE-ZuriNeural              447 KB
  ✓ persian-king-israelite-savior  zh   zh-CN-XiaoxiaoNeural          434 KB
  ✓ persian-king-israelite-savior  ja   ja-JP-NanamiNeural            540 KB
  ✓ persian-king-israelite-savior  ms   ms-MY-YasminNeural            536 KB
  ✓ the-prophecy-of-isaiah         en   en-GB-RyanNeural              223 KB
  ✓ the-prophecy-of-isaiah         ur   ur-PK-AsadNeural              253 KB
  ✓ the-prophecy-of-isaiah         ar   ar-SA-HamedNeural             251 KB
  ✓ the-prophecy-of-isaiah         es   es-ES-AlvaroNeural            230 KB
  ✓ the-prophecy-of-isaiah         fr   fr-FR-HenriNeural             219 KB
  ✓ the-prophecy-of-isaiah         de   de-DE-ConradNeural            251 KB
  ✓ the-prophecy-of-isaiah         pt   pt-PT-DuarteNeural            187 KB
  ✓ the-prophecy-of-isaiah         sw   sw-KE-RafikiNeural            251 KB
  ✓ the-prophecy-of-isaiah         zh   zh-CN-YunxiNeural             220 KB
  ✓ the-prophecy-of-isaiah         ja   ja-JP-KeitaNeural             288 KB
  ✓ the-prophecy-of-isaiah         ms   ms-MY-OsmanNeural             308 KB
  ✓ false-claims-of-cyrus-death    en   en-GB-SoniaNeural             366 KB
  ✓ false-claims-of-cyrus-death    ur   ur-PK-UzmaNeural              458 KB
  ✓ false-claims-of-cyrus-death    ar   ar-SA-ZariyahNeural           455 KB
  ✓ false-claims-of-cyrus-death    es   es-ES-ElviraNeural            377 KB
  ✓ false-claims-of-cyrus-death    fr   fr-FR-DeniseNeural            384 KB
  ✓ false-claims-of-cyrus-death    de   de-DE-KatjaNeural             491 KB
  ✓ false-claims-of-cyrus-death    pt   pt-PT-RaquelNeural            393 KB
  ✓ false-claims-of-cyrus-death    sw   sw-KE-ZuriNeural              438 KB
  ✓ false-claims-of-cyrus-death    zh   zh-CN-XiaoxiaoNeural          418 KB
  ✓ false-claims-of-cyrus-death    ja   ja-JP-NanamiNeural            557 KB
  ✓ false-claims-of-cyrus-death    ms   ms-MY-YasminNeural            483 KB
  ✓ cyrus-confronts-gog-and-magog  en   en-GB-RyanNeural              332 KB
  ✓ cyrus-confronts-gog-and-magog  ur   ur-PK-AsadNeural              417 KB
  ✓ cyrus-confronts-gog-and-magog  ar   ar-SA-HamedNeural             432 KB
  ✓ cyrus-confronts-gog-and-magog  es   es-ES-AlvaroNeural            373 KB
  ✓ cyrus-confronts-gog-and-magog  fr   fr-FR-HenriNeural             322 KB
  ✓ cyrus-confronts-gog-and-magog  de   de-DE-ConradNeural            407 KB
  ✓ cyrus-confronts-gog-and-magog  pt   pt-PT-DuarteNeural            316 KB
  ✓ cyrus-confronts-gog-and-magog  sw   sw-KE-RafikiNeural            380 KB
  ✓ cyrus-confronts-gog-and-magog  zh   zh-CN-YunxiNeural             379 KB
  ✓ cyrus-confronts-gog-and-magog  ja   ja-JP-KeitaNeural             438 KB
  ✓ cyrus-confronts-gog-and-magog  ms   ms-MY-OsmanNeural             452 KB
  ✓ the-wall-of-cyrus              en   en-GB-SoniaNeural             336 KB
  ✓ the-wall-of-cyrus              ur   ur-PK-UzmaNeural              391 KB
  ✓ the-wall-of-cyrus              ar   ar-SA-ZariyahNeural           428 KB
  ✓ the-wall-of-cyrus              es   es-ES-ElviraNeural            368 KB
  ✓ the-wall-of-cyrus              fr   fr-FR-DeniseNeural            353 KB
  ✓ the-wall-of-cyrus              de   de-DE-KatjaNeural             437 KB
  ✓ the-wall-of-cyrus              pt   pt-PT-RaquelNeural            374 KB
  ✓ the-wall-of-cyrus              sw   sw-KE-ZuriNeural              399 KB
  ✓ the-wall-of-cyrus              zh   zh-CN-XiaoxiaoNeural          405 KB
  ✓ the-wall-of-cyrus              ja   ja-JP-NanamiNeural            494 KB
  ✓ the-wall-of-cyrus              ms   ms-MY-YasminNeural            464 KB
  ✓ the-reality-of-faith           en   en-GB-RyanNeural              211 KB
  ✓ the-reality-of-faith           ur   ur-PK-AsadNeural              233 KB
  ✓ the-reality-of-faith           ar   ar-SA-HamedNeural             203 KB
  ✓ the-reality-of-faith           es   es-ES-AlvaroNeural            226 KB
  ✓ the-reality-of-faith           fr   fr-FR-HenriNeural             207 KB
  ✓ the-reality-of-faith           de   de-DE-ConradNeural            241 KB
  ✓ the-reality-of-faith           pt   pt-PT-DuarteNeural            206 KB
  ✓ the-reality-of-faith           sw   sw-KE-RafikiNeural            243 KB
  ✓ the-reality-of-faith           zh   zh-CN-YunxiNeural             212 KB
  ✓ the-reality-of-faith           ja   ja-JP-KeitaNeural             261 KB
  ✓ the-reality-of-faith           ms   ms-MY-OsmanNeural             270 KB
  ✓ the-rise-of-islam              en   en-GB-SoniaNeural             172 KB
  ✓ the-rise-of-islam              ur   ur-PK-UzmaNeural              195 KB
  ✓ the-rise-of-islam              ar   ar-SA-ZariyahNeural           211 KB
  ✓ the-rise-of-islam              es   es-ES-ElviraNeural            186 KB
  ✓ the-rise-of-islam              fr   fr-FR-DeniseNeural            180 KB
  ✓ the-rise-of-islam              de   de-DE-KatjaNeural             214 KB
  ✓ the-rise-of-islam              pt   pt-PT-RaquelNeural            182 KB
  ✓ the-rise-of-islam              sw   sw-KE-ZuriNeural              217 KB
  ✓ the-rise-of-islam              zh   zh-CN-XiaoxiaoNeural          201 KB
  ✓ the-rise-of-islam              ja   ja-JP-NanamiNeural            246 KB
  ✓ the-rise-of-islam              ms   ms-MY-YasminNeural            247 KB
  ✓ an-age-of-darkness             en   en-GB-RyanNeural              364 KB
  ✓ an-age-of-darkness             ur   ur-PK-AsadNeural              397 KB
  ✓ an-age-of-darkness             ar   ar-SA-HamedNeural             447 KB
  ✓ an-age-of-darkness             es   es-ES-AlvaroNeural            394 KB
  ✓ an-age-of-darkness             fr   fr-FR-HenriNeural             362 KB
  ✓ an-age-of-darkness             de   de-DE-ConradNeural            404 KB
  ✓ an-age-of-darkness             pt   pt-PT-DuarteNeural            341 KB
  ✓ an-age-of-darkness             sw   sw-KE-RafikiNeural            413 KB
  ✓ an-age-of-darkness             zh   zh-CN-YunxiNeural             384 KB
  ✓ an-age-of-darkness             ja   ja-JP-KeitaNeural             449 KB
  ✓ an-age-of-darkness             ms   ms-MY-OsmanNeural             463 KB
  ✓ a-new-dawn                     en   en-GB-SoniaNeural             382 KB
  ✓ a-new-dawn                     ur   ur-PK-UzmaNeural              427 KB
  ✓ a-new-dawn                     ar   ar-SA-ZariyahNeural           440 KB
  ✓ a-new-dawn                     es   es-ES-ElviraNeural            410 KB
  ✓ a-new-dawn                     fr   fr-FR-DeniseNeural            399 KB
  ✓ a-new-dawn                     de   de-DE-KatjaNeural             497 KB
  ✓ a-new-dawn                     pt   pt-PT-RaquelNeural            419 KB
  ✓ a-new-dawn                     sw   sw-KE-ZuriNeural              493 KB
  ✓ a-new-dawn                     zh   zh-CN-XiaoxiaoNeural          418 KB
  ✓ a-new-dawn                     ja   ja-JP-NanamiNeural            535 KB
  ✓ a-new-dawn                     ms   ms-MY-YasminNeural            550 KB
  ✓ the-prophecy-of-rome           en   en-GB-RyanNeural              350 KB
  ✓ the-prophecy-of-rome           ur   ur-PK-AsadNeural              369 KB
  ✓ the-prophecy-of-rome           ar   ar-SA-HamedNeural             456 KB
  ✓ the-prophecy-of-rome           es   es-ES-AlvaroNeural            397 KB
  ✓ the-prophecy-of-rome           fr   fr-FR-HenriNeural             344 KB
  ✓ the-prophecy-of-rome           de   de-DE-ConradNeural            395 KB
  ✓ the-prophecy-of-rome           pt   pt-PT-DuarteNeural            339 KB
  ✓ the-prophecy-of-rome           sw   sw-KE-RafikiNeural            397 KB
  ✓ the-prophecy-of-rome           zh   zh-CN-YunxiNeural             375 KB
  ✓ the-prophecy-of-rome           ja   ja-JP-KeitaNeural             441 KB
  ✓ the-prophecy-of-rome           ms   ms-MY-OsmanNeural             472 KB
  ✓ the-persian-companion          en   en-GB-SoniaNeural             339 KB
  ✓ the-persian-companion          ur   ur-PK-UzmaNeural              425 KB
  ✓ the-persian-companion          ar   ar-SA-ZariyahNeural           424 KB
  ✓ the-persian-companion          es   es-ES-ElviraNeural            379 KB
  ✓ the-persian-companion          fr   fr-FR-DeniseNeural            369 KB
  ✓ the-persian-companion          de   de-DE-KatjaNeural             429 KB
  ✓ the-persian-companion          pt   pt-PT-RaquelNeural            386 KB
  ✓ the-persian-companion          sw   sw-KE-ZuriNeural              413 KB
  ✓ the-persian-companion          zh   zh-CN-XiaoxiaoNeural          453 KB
  ✓ the-persian-companion          ja   ja-JP-NanamiNeural            515 KB
  ✓ the-persian-companion          ms   ms-MY-YasminNeural            504 KB
  ✓ faith-in-the-pleiades          en   en-GB-RyanNeural              207 KB
  ✓ faith-in-the-pleiades          ur   ur-PK-AsadNeural              240 KB
  ✓ faith-in-the-pleiades          ar   ar-SA-HamedNeural             218 KB
  ✓ faith-in-the-pleiades          es   es-ES-AlvaroNeural            229 KB
  ✓ faith-in-the-pleiades          fr   fr-FR-HenriNeural             203 KB
  ✓ faith-in-the-pleiades          de   de-DE-ConradNeural            244 KB
  ✓ faith-in-the-pleiades          pt   pt-PT-DuarteNeural            195 KB
  ✓ faith-in-the-pleiades          sw   sw-KE-RafikiNeural            240 KB
  ✓ faith-in-the-pleiades          zh   zh-CN-YunxiNeural             212 KB
  ✓ faith-in-the-pleiades          ja   ja-JP-KeitaNeural             278 KB
  ✓ faith-in-the-pleiades          ms   ms-MY-OsmanNeural             290 KB
  ✓ persian-downfall               en   en-GB-SoniaNeural             358 KB
  ✓ persian-downfall               ur   ur-PK-UzmaNeural              374 KB
  ✓ persian-downfall               ar   ar-SA-ZariyahNeural           430 KB
  ✓ persian-downfall               es   es-ES-ElviraNeural            372 KB
  ✓ persian-downfall               fr   fr-FR-DeniseNeural            383 KB
  ✓ persian-downfall               de   de-DE-KatjaNeural             436 KB
  ✓ persian-downfall               pt   pt-PT-RaquelNeural            410 KB
  ✓ persian-downfall               sw   sw-KE-ZuriNeural              431 KB
  ✓ persian-downfall               zh   zh-CN-XiaoxiaoNeural          395 KB
  ✓ persian-downfall               ja   ja-JP-NanamiNeural            521 KB
  ✓ persian-downfall               ms   ms-MY-YasminNeural            510 KB
  ✓ islamic-tolerance              en   en-GB-RyanNeural              350 KB
  ✓ islamic-tolerance              ur   ur-PK-AsadNeural              385 KB
  ✓ islamic-tolerance              ar   ar-SA-HamedNeural             453 KB
  ✓ islamic-tolerance              es   es-ES-AlvaroNeural            379 KB
  ✓ islamic-tolerance              fr   fr-FR-HenriNeural             339 KB
  ✓ islamic-tolerance              de   de-DE-ConradNeural            403 KB
  ✓ islamic-tolerance              pt   pt-PT-DuarteNeural            336 KB
  ✓ islamic-tolerance              sw   sw-KE-RafikiNeural            405 KB
  ✓ islamic-tolerance              zh   zh-CN-YunxiNeural             382 KB
  ✓ islamic-tolerance              ja   ja-JP-KeitaNeural             459 KB
  ✓ islamic-tolerance              ms   ms-MY-OsmanNeural             472 KB
  ✓ persian-renaissance            en   en-GB-SoniaNeural             364 KB
  ✓ persian-renaissance            ur   ur-PK-UzmaNeural              355 KB
  ✓ persian-renaissance            ar   ar-SA-ZariyahNeural           458 KB
  ✓ persian-renaissance            es   es-ES-ElviraNeural            390 KB
  ✓ persian-renaissance            fr   fr-FR-DeniseNeural            390 KB
  ✓ persian-renaissance            de   de-DE-KatjaNeural             470 KB
  ✓ persian-renaissance            pt   pt-PT-RaquelNeural            407 KB
  ✓ persian-renaissance            sw   sw-KE-ZuriNeural              413 KB
  ✓ persian-renaissance            zh   zh-CN-XiaoxiaoNeural          430 KB
  ✓ persian-renaissance            ja   ja-JP-NanamiNeural            519 KB
  ✓ persian-renaissance            ms   ms-MY-YasminNeural            456 KB
  ✓ o-sons-of-persia               en   en-GB-RyanNeural              176 KB
  ✓ o-sons-of-persia               ur   ur-PK-AsadNeural              210 KB
  ✓ o-sons-of-persia               ar   ar-SA-HamedNeural             212 KB
  ✓ o-sons-of-persia               es   es-ES-AlvaroNeural            182 KB
  ✓ o-sons-of-persia               fr   fr-FR-HenriNeural             176 KB
  ✓ o-sons-of-persia               de   de-DE-ConradNeural            214 KB
  ✓ o-sons-of-persia               pt   pt-PT-DuarteNeural            164 KB
  ✓ o-sons-of-persia               sw   sw-KE-RafikiNeural            198 KB
  ✓ o-sons-of-persia               zh   zh-CN-YunxiNeural             203 KB
  ✓ o-sons-of-persia               ja   ja-JP-KeitaNeural             243 KB
  ✓ o-sons-of-persia               ms   ms-MY-OsmanNeural             245 KB
  ✓ the-promised-messiah           en   en-GB-SoniaNeural             170 KB
  ✓ the-promised-messiah           ur   ur-PK-UzmaNeural              177 KB
  ✓ the-promised-messiah           ar   ar-SA-ZariyahNeural           210 KB
  ✓ the-promised-messiah           es   es-ES-ElviraNeural            180 KB
  ✓ the-promised-messiah           fr   fr-FR-DeniseNeural            177 KB
  ✓ the-promised-messiah           de   de-DE-KatjaNeural             220 KB
  ✓ the-promised-messiah           pt   pt-PT-RaquelNeural            188 KB
  ✓ the-promised-messiah           sw   sw-KE-ZuriNeural              201 KB
  ✓ the-promised-messiah           zh   zh-CN-XiaoxiaoNeural          210 KB
  ✓ the-promised-messiah           ja   ja-JP-NanamiNeural            269 KB
  ✓ the-promised-messiah           ms   ms-MY-YasminNeural            245 KB
  ✓ a-new-dark-age                 en   en-GB-RyanNeural              338 KB
  ✓ a-new-dark-age                 ur   ur-PK-AsadNeural              364 KB
  ✓ a-new-dark-age                 ar   ar-SA-HamedNeural             399 KB
  ✓ a-new-dark-age                 es   es-ES-AlvaroNeural            341 KB
  ✓ a-new-dark-age                 fr   fr-FR-HenriNeural             318 KB
  ✓ a-new-dark-age                 de   de-DE-ConradNeural            365 KB
  ✓ a-new-dark-age                 pt   pt-PT-DuarteNeural            295 KB
  ✓ a-new-dark-age                 sw   sw-KE-RafikiNeural            372 KB
  ✓ a-new-dark-age                 zh   zh-CN-YunxiNeural             375 KB
  ✓ a-new-dark-age                 ja   ja-JP-KeitaNeural             452 KB
  ✓ a-new-dark-age                 ms   ms-MY-OsmanNeural             442 KB
  ✓ the-persian-messiah            en   en-GB-SoniaNeural             319 KB
  ✓ the-persian-messiah            ur   ur-PK-UzmaNeural              354 KB
  ✓ the-persian-messiah            ar   ar-SA-ZariyahNeural           404 KB
  ✓ the-persian-messiah            es   es-ES-ElviraNeural            355 KB
  ✓ the-persian-messiah            fr   fr-FR-DeniseNeural            341 KB
  ✓ the-persian-messiah            de   de-DE-KatjaNeural             432 KB
  ✓ the-persian-messiah            pt   pt-PT-RaquelNeural            367 KB
  ✓ the-persian-messiah            sw   sw-KE-ZuriNeural              429 KB
  ✓ the-persian-messiah            zh   zh-CN-XiaoxiaoNeural          373 KB
  ✓ the-persian-messiah            ja   ja-JP-NanamiNeural            475 KB
  ✓ the-persian-messiah            ms   ms-MY-YasminNeural            468 KB
  ✓ prophecy-of-the-promised-messiah en   en-GB-RyanNeural              216 KB
  ✓ prophecy-of-the-promised-messiah ur   ur-PK-AsadNeural              251 KB
  ✓ prophecy-of-the-promised-messiah ar   ar-SA-HamedNeural             251 KB
  ✓ prophecy-of-the-promised-messiah es   es-ES-AlvaroNeural            245 KB
  ✓ prophecy-of-the-promised-messiah fr   fr-FR-HenriNeural             214 KB
  ✓ prophecy-of-the-promised-messiah de   de-DE-ConradNeural            257 KB
  ✓ prophecy-of-the-promised-messiah pt   pt-PT-DuarteNeural            205 KB
  ✓ prophecy-of-the-promised-messiah sw   sw-KE-RafikiNeural            242 KB
  ✓ prophecy-of-the-promised-messiah zh   zh-CN-YunxiNeural             241 KB
  ✓ prophecy-of-the-promised-messiah ja   ja-JP-KeitaNeural             281 KB
  ✓ prophecy-of-the-promised-messiah ms   ms-MY-OsmanNeural             291 KB
  ✓ gog-and-magog                  en   en-GB-SoniaNeural             335 KB
  ✓ gog-and-magog                  ur   ur-PK-UzmaNeural              363 KB
  ✓ gog-and-magog                  ar   ar-SA-ZariyahNeural           427 KB
  ✓ gog-and-magog                  es   es-ES-ElviraNeural            371 KB
  ✓ gog-and-magog                  fr   fr-FR-DeniseNeural            364 KB
  ✓ gog-and-magog                  de   de-DE-KatjaNeural             438 KB
  ✓ gog-and-magog                  pt   pt-PT-RaquelNeural            374 KB
  ✓ gog-and-magog                  sw   sw-KE-ZuriNeural              409 KB
  ✓ gog-and-magog                  zh   zh-CN-XiaoxiaoNeural          407 KB
  ✓ gog-and-magog                  ja   ja-JP-NanamiNeural            455 KB
  ✓ gog-and-magog                  ms   ms-MY-YasminNeural            451 KB
  ✓ dhul-qarnain-revealed          en   en-GB-RyanNeural              299 KB
  ✓ dhul-qarnain-revealed          ur   ur-PK-AsadNeural              358 KB
  ✓ dhul-qarnain-revealed          ar   ar-SA-HamedNeural             358 KB
  ✓ dhul-qarnain-revealed          es   es-ES-AlvaroNeural            330 KB
  ✓ dhul-qarnain-revealed          fr   fr-FR-HenriNeural             308 KB
  ✓ dhul-qarnain-revealed          de   de-DE-ConradNeural            362 KB
  ✓ dhul-qarnain-revealed          pt   pt-PT-DuarteNeural            286 KB
  ✓ dhul-qarnain-revealed          sw   sw-KE-RafikiNeural            352 KB
  ✓ dhul-qarnain-revealed          zh   zh-CN-YunxiNeural             361 KB
  ✓ dhul-qarnain-revealed          ja   ja-JP-KeitaNeural             426 KB
  ✓ dhul-qarnain-revealed          ms   ms-MY-OsmanNeural             429 KB
  ✓ the-wall-of-islam              en   en-GB-SoniaNeural             341 KB
  ✓ the-wall-of-islam              ur   ur-PK-UzmaNeural              378 KB
  ✓ the-wall-of-islam              ar   ar-SA-ZariyahNeural           395 KB
  ✓ the-wall-of-islam              es   es-ES-ElviraNeural            353 KB
  ✓ the-wall-of-islam              fr   fr-FR-DeniseNeural            359 KB
  ✓ the-wall-of-islam              de   de-DE-KatjaNeural             422 KB
  ✓ the-wall-of-islam              pt   pt-PT-RaquelNeural            358 KB
  ✓ the-wall-of-islam              sw   sw-KE-ZuriNeural              401 KB
  ✓ the-wall-of-islam              zh   zh-CN-XiaoxiaoNeural          414 KB
  ✓ the-wall-of-islam              ja   ja-JP-NanamiNeural            529 KB
  ✓ the-wall-of-islam              ms   ms-MY-YasminNeural            488 KB
  ✓ the-palace-prophecy            en   en-GB-RyanNeural              339 KB
  ✓ the-palace-prophecy            ur   ur-PK-AsadNeural              369 KB
  ✓ the-palace-prophecy            ar   ar-SA-HamedNeural             401 KB
  ✓ the-palace-prophecy            es   es-ES-AlvaroNeural            355 KB
  ✓ the-palace-prophecy            fr   fr-FR-HenriNeural             320 KB
  ✓ the-palace-prophecy            de   de-DE-ConradNeural            391 KB
  ✓ the-palace-prophecy            pt   pt-PT-DuarteNeural            307 KB
  ✓ the-palace-prophecy            sw   sw-KE-RafikiNeural            392 KB
  ✓ the-palace-prophecy            zh   zh-CN-YunxiNeural             330 KB
  ✓ the-palace-prophecy            ja   ja-JP-KeitaNeural             418 KB
  ✓ the-palace-prophecy            ms   ms-MY-OsmanNeural             404 KB
  ✓ a-blessed-dream                en   en-GB-SoniaNeural             226 KB
  ✓ a-blessed-dream                ur   ur-PK-UzmaNeural              247 KB
  ✓ a-blessed-dream                ar   ar-SA-ZariyahNeural           280 KB
  ✓ a-blessed-dream                es   es-ES-ElviraNeural            232 KB
  ✓ a-blessed-dream                fr   fr-FR-DeniseNeural            225 KB
  ✓ a-blessed-dream                de   de-DE-KatjaNeural             288 KB
  ✓ a-blessed-dream                pt   pt-PT-RaquelNeural            237 KB
  ✓ a-blessed-dream                sw   sw-KE-ZuriNeural              267 KB
  ✓ a-blessed-dream                zh   zh-CN-XiaoxiaoNeural          279 KB
  ✓ a-blessed-dream                ja   ja-JP-NanamiNeural            369 KB
  ✓ a-blessed-dream                ms   ms-MY-YasminNeural            357 KB

Generated 363, skipped 0 (already existed), failed 0.
  audioOverrides rewritten: 33 board(s), 363 file(s)
Done. Commit + push to publish:  git add -A && git commit && git push
